/home/ros2/ros2_lecture_ws/src/7_lectures/install/lecture01_pkg/lib/python3.10/site-packages/lecture01_pkg/talker.py
/home/ros2/ros2_lecture_ws/src/7_lectures/install/lecture01_pkg/lib/python3.10/site-packages/lecture01_pkg/talker_exercise1.py
/home/ros2/ros2_lecture_ws/src/7_lectures/install/lecture01_pkg/lib/python3.10/site-packages/lecture01_pkg/listener.py
/home/ros2/ros2_lecture_ws/src/7_lectures/install/lecture01_pkg/lib/python3.10/site-packages/lecture01_pkg/__init__.py
/home/ros2/ros2_lecture_ws/src/7_lectures/install/lecture01_pkg/lib/python3.10/site-packages/lecture01_pkg/listener_exercise2.py
/home/ros2/ros2_lecture_ws/src/7_lectures/install/lecture01_pkg/lib/python3.10/site-packages/lecture01_pkg/talker_exercise2.py
/home/ros2/ros2_lecture_ws/src/7_lectures/install/lecture01_pkg/lib/python3.10/site-packages/lecture01_pkg/listener_exercise1.py
/home/ros2/ros2_lecture_ws/src/7_lectures/install/lecture01_pkg/lib/python3.10/site-packages/lecture01_pkg/__pycache__/talker.cpython-310.pyc
/home/ros2/ros2_lecture_ws/src/7_lectures/install/lecture01_pkg/lib/python3.10/site-packages/lecture01_pkg/__pycache__/talker_exercise1.cpython-310.pyc
/home/ros2/ros2_lecture_ws/src/7_lectures/install/lecture01_pkg/lib/python3.10/site-packages/lecture01_pkg/__pycache__/listener.cpython-310.pyc
/home/ros2/ros2_lecture_ws/src/7_lectures/install/lecture01_pkg/lib/python3.10/site-packages/lecture01_pkg/__pycache__/__init__.cpython-310.pyc
/home/ros2/ros2_lecture_ws/src/7_lectures/install/lecture01_pkg/lib/python3.10/site-packages/lecture01_pkg/__pycache__/listener_exercise2.cpython-310.pyc
/home/ros2/ros2_lecture_ws/src/7_lectures/install/lecture01_pkg/lib/python3.10/site-packages/lecture01_pkg/__pycache__/talker_exercise2.cpython-310.pyc
/home/ros2/ros2_lecture_ws/src/7_lectures/install/lecture01_pkg/lib/python3.10/site-packages/lecture01_pkg/__pycache__/listener_exercise1.cpython-310.pyc
/home/ros2/ros2_lecture_ws/src/7_lectures/install/lecture01_pkg/share/ament_index/resource_index/packages/lecture01_pkg
/home/ros2/ros2_lecture_ws/src/7_lectures/install/lecture01_pkg/share/lecture01_pkg/package.xml
/home/ros2/ros2_lecture_ws/src/7_lectures/install/lecture01_pkg/lib/python3.10/site-packages/lecture01_pkg-0.0.0-py3.10.egg-info/SOURCES.txt
/home/ros2/ros2_lecture_ws/src/7_lectures/install/lecture01_pkg/lib/python3.10/site-packages/lecture01_pkg-0.0.0-py3.10.egg-info/PKG-INFO
/home/ros2/ros2_lecture_ws/src/7_lectures/install/lecture01_pkg/lib/python3.10/site-packages/lecture01_pkg-0.0.0-py3.10.egg-info/zip-safe
/home/ros2/ros2_lecture_ws/src/7_lectures/install/lecture01_pkg/lib/python3.10/site-packages/lecture01_pkg-0.0.0-py3.10.egg-info/requires.txt
/home/ros2/ros2_lecture_ws/src/7_lectures/install/lecture01_pkg/lib/python3.10/site-packages/lecture01_pkg-0.0.0-py3.10.egg-info/dependency_links.txt
/home/ros2/ros2_lecture_ws/src/7_lectures/install/lecture01_pkg/lib/python3.10/site-packages/lecture01_pkg-0.0.0-py3.10.egg-info/top_level.txt
/home/ros2/ros2_lecture_ws/src/7_lectures/install/lecture01_pkg/lib/python3.10/site-packages/lecture01_pkg-0.0.0-py3.10.egg-info/entry_points.txt
/home/ros2/ros2_lecture_ws/src/7_lectures/install/lecture01_pkg/lib/lecture01_pkg/listener
/home/ros2/ros2_lecture_ws/src/7_lectures/install/lecture01_pkg/lib/lecture01_pkg/listener_exercise1
/home/ros2/ros2_lecture_ws/src/7_lectures/install/lecture01_pkg/lib/lecture01_pkg/listener_exercise2
/home/ros2/ros2_lecture_ws/src/7_lectures/install/lecture01_pkg/lib/lecture01_pkg/talker
/home/ros2/ros2_lecture_ws/src/7_lectures/install/lecture01_pkg/lib/lecture01_pkg/talker_exercise1
/home/ros2/ros2_lecture_ws/src/7_lectures/install/lecture01_pkg/lib/lecture01_pkg/talker_exercise2
