/home/ros2/ros2_lecture_ws/src/7_lectures/install/lecture03_pkg/lib/python3.10/site-packages/lecture03_pkg/navigation_sample2.py
/home/ros2/ros2_lecture_ws/src/7_lectures/install/lecture03_pkg/lib/python3.10/site-packages/lecture03_pkg/turtlebot_stop.py
/home/ros2/ros2_lecture_ws/src/7_lectures/install/lecture03_pkg/lib/python3.10/site-packages/lecture03_pkg/turtlebot_exercise2.py
/home/ros2/ros2_lecture_ws/src/7_lectures/install/lecture03_pkg/lib/python3.10/site-packages/lecture03_pkg/turtlebot_controller.py
/home/ros2/ros2_lecture_ws/src/7_lectures/install/lecture03_pkg/lib/python3.10/site-packages/lecture03_pkg/turtlebot_exercise1.py
/home/ros2/ros2_lecture_ws/src/7_lectures/install/lecture03_pkg/lib/python3.10/site-packages/lecture03_pkg/__init__.py
/home/ros2/ros2_lecture_ws/src/7_lectures/install/lecture03_pkg/lib/python3.10/site-packages/lecture03_pkg/show_pose.py
/home/ros2/ros2_lecture_ws/src/7_lectures/install/lecture03_pkg/lib/python3.10/site-packages/lecture03_pkg/navigation_sample1.py
/home/ros2/ros2_lecture_ws/src/7_lectures/install/lecture03_pkg/lib/python3.10/site-packages/lecture03_pkg/__pycache__/navigation_sample2.cpython-310.pyc
/home/ros2/ros2_lecture_ws/src/7_lectures/install/lecture03_pkg/lib/python3.10/site-packages/lecture03_pkg/__pycache__/turtlebot_stop.cpython-310.pyc
/home/ros2/ros2_lecture_ws/src/7_lectures/install/lecture03_pkg/lib/python3.10/site-packages/lecture03_pkg/__pycache__/turtlebot_exercise2.cpython-310.pyc
/home/ros2/ros2_lecture_ws/src/7_lectures/install/lecture03_pkg/lib/python3.10/site-packages/lecture03_pkg/__pycache__/turtlebot_controller.cpython-310.pyc
/home/ros2/ros2_lecture_ws/src/7_lectures/install/lecture03_pkg/lib/python3.10/site-packages/lecture03_pkg/__pycache__/turtlebot_exercise1.cpython-310.pyc
/home/ros2/ros2_lecture_ws/src/7_lectures/install/lecture03_pkg/lib/python3.10/site-packages/lecture03_pkg/__pycache__/__init__.cpython-310.pyc
/home/ros2/ros2_lecture_ws/src/7_lectures/install/lecture03_pkg/lib/python3.10/site-packages/lecture03_pkg/__pycache__/show_pose.cpython-310.pyc
/home/ros2/ros2_lecture_ws/src/7_lectures/install/lecture03_pkg/lib/python3.10/site-packages/lecture03_pkg/__pycache__/navigation_sample1.cpython-310.pyc
/home/ros2/ros2_lecture_ws/src/7_lectures/install/lecture03_pkg/share/ament_index/resource_index/packages/lecture03_pkg
/home/ros2/ros2_lecture_ws/src/7_lectures/install/lecture03_pkg/share/lecture03_pkg/package.xml
/home/ros2/ros2_lecture_ws/src/7_lectures/install/lecture03_pkg/lib/python3.10/site-packages/lecture03_pkg-0.0.0-py3.10.egg-info/SOURCES.txt
/home/ros2/ros2_lecture_ws/src/7_lectures/install/lecture03_pkg/lib/python3.10/site-packages/lecture03_pkg-0.0.0-py3.10.egg-info/PKG-INFO
/home/ros2/ros2_lecture_ws/src/7_lectures/install/lecture03_pkg/lib/python3.10/site-packages/lecture03_pkg-0.0.0-py3.10.egg-info/zip-safe
/home/ros2/ros2_lecture_ws/src/7_lectures/install/lecture03_pkg/lib/python3.10/site-packages/lecture03_pkg-0.0.0-py3.10.egg-info/requires.txt
/home/ros2/ros2_lecture_ws/src/7_lectures/install/lecture03_pkg/lib/python3.10/site-packages/lecture03_pkg-0.0.0-py3.10.egg-info/dependency_links.txt
/home/ros2/ros2_lecture_ws/src/7_lectures/install/lecture03_pkg/lib/python3.10/site-packages/lecture03_pkg-0.0.0-py3.10.egg-info/top_level.txt
/home/ros2/ros2_lecture_ws/src/7_lectures/install/lecture03_pkg/lib/python3.10/site-packages/lecture03_pkg-0.0.0-py3.10.egg-info/entry_points.txt
/home/ros2/ros2_lecture_ws/src/7_lectures/install/lecture03_pkg/lib/lecture03_pkg/navigation_sample1
/home/ros2/ros2_lecture_ws/src/7_lectures/install/lecture03_pkg/lib/lecture03_pkg/navigation_sample2
/home/ros2/ros2_lecture_ws/src/7_lectures/install/lecture03_pkg/lib/lecture03_pkg/show_pose
/home/ros2/ros2_lecture_ws/src/7_lectures/install/lecture03_pkg/lib/lecture03_pkg/turtlebot_controller
/home/ros2/ros2_lecture_ws/src/7_lectures/install/lecture03_pkg/lib/lecture03_pkg/turtlebot_exercise1
/home/ros2/ros2_lecture_ws/src/7_lectures/install/lecture03_pkg/lib/lecture03_pkg/turtlebot_exercise2
/home/ros2/ros2_lecture_ws/src/7_lectures/install/lecture03_pkg/lib/lecture03_pkg/turtlebot_stop
