running egg_info
writing ../build/lecture04_pkg/lecture04_pkg.egg-info/PKG-INFO
writing dependency_links to ../build/lecture04_pkg/lecture04_pkg.egg-info/dependency_links.txt
writing entry points to ../build/lecture04_pkg/lecture04_pkg.egg-info/entry_points.txt
writing requirements to ../build/lecture04_pkg/lecture04_pkg.egg-info/requires.txt
writing top-level names to ../build/lecture04_pkg/lecture04_pkg.egg-info/top_level.txt
writing manifest file '../build/lecture04_pkg/lecture04_pkg.egg-info/SOURCES.txt'
reading manifest file '../build/lecture04_pkg/lecture04_pkg.egg-info/SOURCES.txt'
adding license file 'LICENSE'
writing manifest file '../build/lecture04_pkg/lecture04_pkg.egg-info/SOURCES.txt'
running build
running build_py
copying lecture04_pkg/sm_exercise.py -> /home/ros2/ros2_lecture_ws/src/7_lectures/build/lecture04_pkg/build/lib/lecture04_pkg
copying lecture04_pkg/__init__.py -> /home/ros2/ros2_lecture_ws/src/7_lectures/build/lecture04_pkg/build/lib/lecture04_pkg
copying lecture04_pkg/sm_main.py -> /home/ros2/ros2_lecture_ws/src/7_lectures/build/lecture04_pkg/build/lib/lecture04_pkg
copying lecture04_pkg/sm_sample2.py -> /home/ros2/ros2_lecture_ws/src/7_lectures/build/lecture04_pkg/build/lib/lecture04_pkg
copying lecture04_pkg/sm_sample1.py -> /home/ros2/ros2_lecture_ws/src/7_lectures/build/lecture04_pkg/build/lib/lecture04_pkg
copying lecture04_pkg/return_home_once.py -> /home/ros2/ros2_lecture_ws/src/7_lectures/build/lecture04_pkg/build/lib/lecture04_pkg
copying lecture04_pkg/state_sample2/__init__.py -> /home/ros2/ros2_lecture_ws/src/7_lectures/build/lecture04_pkg/build/lib/lecture04_pkg/state_sample2
copying lecture04_pkg/state_sample2/bar.py -> /home/ros2/ros2_lecture_ws/src/7_lectures/build/lecture04_pkg/build/lib/lecture04_pkg/state_sample2
copying lecture04_pkg/state_sample2/foo.py -> /home/ros2/ros2_lecture_ws/src/7_lectures/build/lecture04_pkg/build/lib/lecture04_pkg/state_sample2
copying lecture04_pkg/state_exercise/__init__.py -> /home/ros2/ros2_lecture_ws/src/7_lectures/build/lecture04_pkg/build/lib/lecture04_pkg/state_exercise
copying lecture04_pkg/state_exercise/hoge.py -> /home/ros2/ros2_lecture_ws/src/7_lectures/build/lecture04_pkg/build/lib/lecture04_pkg/state_exercise
copying lecture04_pkg/state_exercise/bar.py -> /home/ros2/ros2_lecture_ws/src/7_lectures/build/lecture04_pkg/build/lib/lecture04_pkg/state_exercise
copying lecture04_pkg/state_exercise/foo.py -> /home/ros2/ros2_lecture_ws/src/7_lectures/build/lecture04_pkg/build/lib/lecture04_pkg/state_exercise
copying lecture04_pkg/state_sample1/__init__.py -> /home/ros2/ros2_lecture_ws/src/7_lectures/build/lecture04_pkg/build/lib/lecture04_pkg/state_sample1
copying lecture04_pkg/state_sample1/bar.py -> /home/ros2/ros2_lecture_ws/src/7_lectures/build/lecture04_pkg/build/lib/lecture04_pkg/state_sample1
copying lecture04_pkg/state_sample1/foo.py -> /home/ros2/ros2_lecture_ws/src/7_lectures/build/lecture04_pkg/build/lib/lecture04_pkg/state_sample1
copying lecture04_pkg/state_main/follow.py -> /home/ros2/ros2_lecture_ws/src/7_lectures/build/lecture04_pkg/build/lib/lecture04_pkg/state_main
copying lecture04_pkg/state_main/__init__.py -> /home/ros2/ros2_lecture_ws/src/7_lectures/build/lecture04_pkg/build/lib/lecture04_pkg/state_main
copying lecture04_pkg/state_main/navigation.py -> /home/ros2/ros2_lecture_ws/src/7_lectures/build/lecture04_pkg/build/lib/lecture04_pkg/state_main
running install
running install_lib
copying /home/ros2/ros2_lecture_ws/src/7_lectures/build/lecture04_pkg/build/lib/lecture04_pkg/state_sample2/__init__.py -> /home/ros2/ros2_lecture_ws/src/7_lectures/install/lecture04_pkg/lib/python3.10/site-packages/lecture04_pkg/state_sample2
copying /home/ros2/ros2_lecture_ws/src/7_lectures/build/lecture04_pkg/build/lib/lecture04_pkg/state_sample2/bar.py -> /home/ros2/ros2_lecture_ws/src/7_lectures/install/lecture04_pkg/lib/python3.10/site-packages/lecture04_pkg/state_sample2
copying /home/ros2/ros2_lecture_ws/src/7_lectures/build/lecture04_pkg/build/lib/lecture04_pkg/state_sample2/foo.py -> /home/ros2/ros2_lecture_ws/src/7_lectures/install/lecture04_pkg/lib/python3.10/site-packages/lecture04_pkg/state_sample2
copying /home/ros2/ros2_lecture_ws/src/7_lectures/build/lecture04_pkg/build/lib/lecture04_pkg/state_exercise/__init__.py -> /home/ros2/ros2_lecture_ws/src/7_lectures/install/lecture04_pkg/lib/python3.10/site-packages/lecture04_pkg/state_exercise
copying /home/ros2/ros2_lecture_ws/src/7_lectures/build/lecture04_pkg/build/lib/lecture04_pkg/state_exercise/hoge.py -> /home/ros2/ros2_lecture_ws/src/7_lectures/install/lecture04_pkg/lib/python3.10/site-packages/lecture04_pkg/state_exercise
copying /home/ros2/ros2_lecture_ws/src/7_lectures/build/lecture04_pkg/build/lib/lecture04_pkg/state_exercise/bar.py -> /home/ros2/ros2_lecture_ws/src/7_lectures/install/lecture04_pkg/lib/python3.10/site-packages/lecture04_pkg/state_exercise
copying /home/ros2/ros2_lecture_ws/src/7_lectures/build/lecture04_pkg/build/lib/lecture04_pkg/state_exercise/foo.py -> /home/ros2/ros2_lecture_ws/src/7_lectures/install/lecture04_pkg/lib/python3.10/site-packages/lecture04_pkg/state_exercise
copying /home/ros2/ros2_lecture_ws/src/7_lectures/build/lecture04_pkg/build/lib/lecture04_pkg/state_sample1/__init__.py -> /home/ros2/ros2_lecture_ws/src/7_lectures/install/lecture04_pkg/lib/python3.10/site-packages/lecture04_pkg/state_sample1
copying /home/ros2/ros2_lecture_ws/src/7_lectures/build/lecture04_pkg/build/lib/lecture04_pkg/state_sample1/bar.py -> /home/ros2/ros2_lecture_ws/src/7_lectures/install/lecture04_pkg/lib/python3.10/site-packages/lecture04_pkg/state_sample1
copying /home/ros2/ros2_lecture_ws/src/7_lectures/build/lecture04_pkg/build/lib/lecture04_pkg/state_sample1/foo.py -> /home/ros2/ros2_lecture_ws/src/7_lectures/install/lecture04_pkg/lib/python3.10/site-packages/lecture04_pkg/state_sample1
copying /home/ros2/ros2_lecture_ws/src/7_lectures/build/lecture04_pkg/build/lib/lecture04_pkg/sm_exercise.py -> /home/ros2/ros2_lecture_ws/src/7_lectures/install/lecture04_pkg/lib/python3.10/site-packages/lecture04_pkg
copying /home/ros2/ros2_lecture_ws/src/7_lectures/build/lecture04_pkg/build/lib/lecture04_pkg/__init__.py -> /home/ros2/ros2_lecture_ws/src/7_lectures/install/lecture04_pkg/lib/python3.10/site-packages/lecture04_pkg
copying /home/ros2/ros2_lecture_ws/src/7_lectures/build/lecture04_pkg/build/lib/lecture04_pkg/sm_main.py -> /home/ros2/ros2_lecture_ws/src/7_lectures/install/lecture04_pkg/lib/python3.10/site-packages/lecture04_pkg
copying /home/ros2/ros2_lecture_ws/src/7_lectures/build/lecture04_pkg/build/lib/lecture04_pkg/sm_sample2.py -> /home/ros2/ros2_lecture_ws/src/7_lectures/install/lecture04_pkg/lib/python3.10/site-packages/lecture04_pkg
copying /home/ros2/ros2_lecture_ws/src/7_lectures/build/lecture04_pkg/build/lib/lecture04_pkg/sm_sample1.py -> /home/ros2/ros2_lecture_ws/src/7_lectures/install/lecture04_pkg/lib/python3.10/site-packages/lecture04_pkg
copying /home/ros2/ros2_lecture_ws/src/7_lectures/build/lecture04_pkg/build/lib/lecture04_pkg/state_main/follow.py -> /home/ros2/ros2_lecture_ws/src/7_lectures/install/lecture04_pkg/lib/python3.10/site-packages/lecture04_pkg/state_main
copying /home/ros2/ros2_lecture_ws/src/7_lectures/build/lecture04_pkg/build/lib/lecture04_pkg/state_main/__init__.py -> /home/ros2/ros2_lecture_ws/src/7_lectures/install/lecture04_pkg/lib/python3.10/site-packages/lecture04_pkg/state_main
copying /home/ros2/ros2_lecture_ws/src/7_lectures/build/lecture04_pkg/build/lib/lecture04_pkg/state_main/navigation.py -> /home/ros2/ros2_lecture_ws/src/7_lectures/install/lecture04_pkg/lib/python3.10/site-packages/lecture04_pkg/state_main
copying /home/ros2/ros2_lecture_ws/src/7_lectures/build/lecture04_pkg/build/lib/lecture04_pkg/return_home_once.py -> /home/ros2/ros2_lecture_ws/src/7_lectures/install/lecture04_pkg/lib/python3.10/site-packages/lecture04_pkg
byte-compiling /home/ros2/ros2_lecture_ws/src/7_lectures/install/lecture04_pkg/lib/python3.10/site-packages/lecture04_pkg/state_sample2/__init__.py to __init__.cpython-310.pyc
byte-compiling /home/ros2/ros2_lecture_ws/src/7_lectures/install/lecture04_pkg/lib/python3.10/site-packages/lecture04_pkg/state_sample2/bar.py to bar.cpython-310.pyc
byte-compiling /home/ros2/ros2_lecture_ws/src/7_lectures/install/lecture04_pkg/lib/python3.10/site-packages/lecture04_pkg/state_sample2/foo.py to foo.cpython-310.pyc
byte-compiling /home/ros2/ros2_lecture_ws/src/7_lectures/install/lecture04_pkg/lib/python3.10/site-packages/lecture04_pkg/state_exercise/__init__.py to __init__.cpython-310.pyc
byte-compiling /home/ros2/ros2_lecture_ws/src/7_lectures/install/lecture04_pkg/lib/python3.10/site-packages/lecture04_pkg/state_exercise/hoge.py to hoge.cpython-310.pyc
byte-compiling /home/ros2/ros2_lecture_ws/src/7_lectures/install/lecture04_pkg/lib/python3.10/site-packages/lecture04_pkg/state_exercise/bar.py to bar.cpython-310.pyc
byte-compiling /home/ros2/ros2_lecture_ws/src/7_lectures/install/lecture04_pkg/lib/python3.10/site-packages/lecture04_pkg/state_exercise/foo.py to foo.cpython-310.pyc
byte-compiling /home/ros2/ros2_lecture_ws/src/7_lectures/install/lecture04_pkg/lib/python3.10/site-packages/lecture04_pkg/state_sample1/__init__.py to __init__.cpython-310.pyc
byte-compiling /home/ros2/ros2_lecture_ws/src/7_lectures/install/lecture04_pkg/lib/python3.10/site-packages/lecture04_pkg/state_sample1/bar.py to bar.cpython-310.pyc
byte-compiling /home/ros2/ros2_lecture_ws/src/7_lectures/install/lecture04_pkg/lib/python3.10/site-packages/lecture04_pkg/state_sample1/foo.py to foo.cpython-310.pyc
byte-compiling /home/ros2/ros2_lecture_ws/src/7_lectures/install/lecture04_pkg/lib/python3.10/site-packages/lecture04_pkg/sm_exercise.py to sm_exercise.cpython-310.pyc
byte-compiling /home/ros2/ros2_lecture_ws/src/7_lectures/install/lecture04_pkg/lib/python3.10/site-packages/lecture04_pkg/__init__.py to __init__.cpython-310.pyc
byte-compiling /home/ros2/ros2_lecture_ws/src/7_lectures/install/lecture04_pkg/lib/python3.10/site-packages/lecture04_pkg/sm_main.py to sm_main.cpython-310.pyc
byte-compiling /home/ros2/ros2_lecture_ws/src/7_lectures/install/lecture04_pkg/lib/python3.10/site-packages/lecture04_pkg/sm_sample2.py to sm_sample2.cpython-310.pyc
byte-compiling /home/ros2/ros2_lecture_ws/src/7_lectures/install/lecture04_pkg/lib/python3.10/site-packages/lecture04_pkg/sm_sample1.py to sm_sample1.cpython-310.pyc
byte-compiling /home/ros2/ros2_lecture_ws/src/7_lectures/install/lecture04_pkg/lib/python3.10/site-packages/lecture04_pkg/state_main/follow.py to follow.cpython-310.pyc
byte-compiling /home/ros2/ros2_lecture_ws/src/7_lectures/install/lecture04_pkg/lib/python3.10/site-packages/lecture04_pkg/state_main/__init__.py to __init__.cpython-310.pyc
byte-compiling /home/ros2/ros2_lecture_ws/src/7_lectures/install/lecture04_pkg/lib/python3.10/site-packages/lecture04_pkg/state_main/navigation.py to navigation.cpython-310.pyc
byte-compiling /home/ros2/ros2_lecture_ws/src/7_lectures/install/lecture04_pkg/lib/python3.10/site-packages/lecture04_pkg/return_home_once.py to return_home_once.cpython-310.pyc
running install_data
copying resource/lecture04_pkg -> /home/ros2/ros2_lecture_ws/src/7_lectures/install/lecture04_pkg/share/ament_index/resource_index/packages
copying package.xml -> /home/ros2/ros2_lecture_ws/src/7_lectures/install/lecture04_pkg/share/lecture04_pkg
copying ./launch/launch_sample2.launch.py -> /home/ros2/ros2_lecture_ws/src/7_lectures/install/lecture04_pkg/share/lecture04_pkg/launch
copying ./launch/launch_sample1.launch.py -> /home/ros2/ros2_lecture_ws/src/7_lectures/install/lecture04_pkg/share/lecture04_pkg/launch
running install_egg_info
removing '/home/ros2/ros2_lecture_ws/src/7_lectures/install/lecture04_pkg/lib/python3.10/site-packages/lecture04_pkg-0.0.0-py3.10.egg-info' (and everything under it)
Copying ../build/lecture04_pkg/lecture04_pkg.egg-info to /home/ros2/ros2_lecture_ws/src/7_lectures/install/lecture04_pkg/lib/python3.10/site-packages/lecture04_pkg-0.0.0-py3.10.egg-info
running install_scripts
Installing return_home_once script to /home/ros2/ros2_lecture_ws/src/7_lectures/install/lecture04_pkg/lib/lecture04_pkg
Installing sm_exercise script to /home/ros2/ros2_lecture_ws/src/7_lectures/install/lecture04_pkg/lib/lecture04_pkg
Installing sm_main script to /home/ros2/ros2_lecture_ws/src/7_lectures/install/lecture04_pkg/lib/lecture04_pkg
Installing sm_sample1 script to /home/ros2/ros2_lecture_ws/src/7_lectures/install/lecture04_pkg/lib/lecture04_pkg
Installing sm_sample2 script to /home/ros2/ros2_lecture_ws/src/7_lectures/install/lecture04_pkg/lib/lecture04_pkg
writing list of installed files to '/home/ros2/ros2_lecture_ws/src/7_lectures/build/lecture04_pkg/install.log'
