/home/ros2/ros2_lecture_ws/src/7_lectures/install/competition_pkg/lib/python3.10/site-packages/competition_pkg/odometry_experiment.py
/home/ros2/ros2_lecture_ws/src/7_lectures/install/competition_pkg/lib/python3.10/site-packages/competition_pkg/turtlebot_stop.py
/home/ros2/ros2_lecture_ws/src/7_lectures/install/competition_pkg/lib/python3.10/site-packages/competition_pkg/turtlebot_exercise1.py
/home/ros2/ros2_lecture_ws/src/7_lectures/install/competition_pkg/lib/python3.10/site-packages/competition_pkg/__init__.py
/home/ros2/ros2_lecture_ws/src/7_lectures/install/competition_pkg/lib/python3.10/site-packages/competition_pkg/sm_main.py
/home/ros2/ros2_lecture_ws/src/7_lectures/install/competition_pkg/lib/python3.10/site-packages/competition_pkg/sm_sample1.py
/home/ros2/ros2_lecture_ws/src/7_lectures/install/competition_pkg/lib/python3.10/site-packages/competition_pkg/state_sample1/mr3.py
/home/ros2/ros2_lecture_ws/src/7_lectures/install/competition_pkg/lib/python3.10/site-packages/competition_pkg/state_sample1/__init__.py
/home/ros2/ros2_lecture_ws/src/7_lectures/install/competition_pkg/lib/python3.10/site-packages/competition_pkg/state_sample1/mr1.py
/home/ros2/ros2_lecture_ws/src/7_lectures/install/competition_pkg/lib/python3.10/site-packages/competition_pkg/state_sample1/mr2.py
/home/ros2/ros2_lecture_ws/src/7_lectures/install/competition_pkg/lib/python3.10/site-packages/competition_pkg/states/move_to_human_state.py
/home/ros2/ros2_lecture_ws/src/7_lectures/install/competition_pkg/lib/python3.10/site-packages/competition_pkg/states/__init__.py
/home/ros2/ros2_lecture_ws/src/7_lectures/install/competition_pkg/lib/python3.10/site-packages/competition_pkg/__pycache__/odometry_experiment.cpython-310.pyc
/home/ros2/ros2_lecture_ws/src/7_lectures/install/competition_pkg/lib/python3.10/site-packages/competition_pkg/__pycache__/turtlebot_stop.cpython-310.pyc
/home/ros2/ros2_lecture_ws/src/7_lectures/install/competition_pkg/lib/python3.10/site-packages/competition_pkg/__pycache__/turtlebot_exercise1.cpython-310.pyc
/home/ros2/ros2_lecture_ws/src/7_lectures/install/competition_pkg/lib/python3.10/site-packages/competition_pkg/__pycache__/__init__.cpython-310.pyc
/home/ros2/ros2_lecture_ws/src/7_lectures/install/competition_pkg/lib/python3.10/site-packages/competition_pkg/__pycache__/sm_main.cpython-310.pyc
/home/ros2/ros2_lecture_ws/src/7_lectures/install/competition_pkg/lib/python3.10/site-packages/competition_pkg/__pycache__/sm_sample1.cpython-310.pyc
/home/ros2/ros2_lecture_ws/src/7_lectures/install/competition_pkg/lib/python3.10/site-packages/competition_pkg/state_sample1/__pycache__/mr3.cpython-310.pyc
/home/ros2/ros2_lecture_ws/src/7_lectures/install/competition_pkg/lib/python3.10/site-packages/competition_pkg/state_sample1/__pycache__/__init__.cpython-310.pyc
/home/ros2/ros2_lecture_ws/src/7_lectures/install/competition_pkg/lib/python3.10/site-packages/competition_pkg/state_sample1/__pycache__/mr1.cpython-310.pyc
/home/ros2/ros2_lecture_ws/src/7_lectures/install/competition_pkg/lib/python3.10/site-packages/competition_pkg/state_sample1/__pycache__/mr2.cpython-310.pyc
/home/ros2/ros2_lecture_ws/src/7_lectures/install/competition_pkg/lib/python3.10/site-packages/competition_pkg/states/__pycache__/move_to_human_state.cpython-310.pyc
/home/ros2/ros2_lecture_ws/src/7_lectures/install/competition_pkg/lib/python3.10/site-packages/competition_pkg/states/__pycache__/__init__.cpython-310.pyc
/home/ros2/ros2_lecture_ws/src/7_lectures/install/competition_pkg/share/ament_index/resource_index/packages/competition_pkg
/home/ros2/ros2_lecture_ws/src/7_lectures/install/competition_pkg/share/competition_pkg/package.xml
/home/ros2/ros2_lecture_ws/src/7_lectures/install/competition_pkg/share/competition_pkg/launch
/home/ros2/ros2_lecture_ws/src/7_lectures/install/competition_pkg/lib/python3.10/site-packages/competition_pkg-0.0.0-py3.10.egg-info/SOURCES.txt
/home/ros2/ros2_lecture_ws/src/7_lectures/install/competition_pkg/lib/python3.10/site-packages/competition_pkg-0.0.0-py3.10.egg-info/PKG-INFO
/home/ros2/ros2_lecture_ws/src/7_lectures/install/competition_pkg/lib/python3.10/site-packages/competition_pkg-0.0.0-py3.10.egg-info/zip-safe
/home/ros2/ros2_lecture_ws/src/7_lectures/install/competition_pkg/lib/python3.10/site-packages/competition_pkg-0.0.0-py3.10.egg-info/requires.txt
/home/ros2/ros2_lecture_ws/src/7_lectures/install/competition_pkg/lib/python3.10/site-packages/competition_pkg-0.0.0-py3.10.egg-info/dependency_links.txt
/home/ros2/ros2_lecture_ws/src/7_lectures/install/competition_pkg/lib/python3.10/site-packages/competition_pkg-0.0.0-py3.10.egg-info/top_level.txt
/home/ros2/ros2_lecture_ws/src/7_lectures/install/competition_pkg/lib/python3.10/site-packages/competition_pkg-0.0.0-py3.10.egg-info/entry_points.txt
/home/ros2/ros2_lecture_ws/src/7_lectures/install/competition_pkg/lib/competition_pkg/odometry_experiment
/home/ros2/ros2_lecture_ws/src/7_lectures/install/competition_pkg/lib/competition_pkg/sm_sample1
/home/ros2/ros2_lecture_ws/src/7_lectures/install/competition_pkg/lib/competition_pkg/turtlebot_exercise1
/home/ros2/ros2_lecture_ws/src/7_lectures/install/competition_pkg/lib/competition_pkg/turtlebot_stop
