/home/ros2/ros2_lecture_ws/src/7_lectures/install/lecture02_pkg/lib/python3.10/site-packages/lecture02_pkg/tf2_listener.py
/home/ros2/ros2_lecture_ws/src/7_lectures/install/lecture02_pkg/lib/python3.10/site-packages/lecture02_pkg/opencv_sample.py
/home/ros2/ros2_lecture_ws/src/7_lectures/install/lecture02_pkg/lib/python3.10/site-packages/lecture02_pkg/opencv_exercise.py
/home/ros2/ros2_lecture_ws/src/7_lectures/install/lecture02_pkg/lib/python3.10/site-packages/lecture02_pkg/__init__.py
/home/ros2/ros2_lecture_ws/src/7_lectures/install/lecture02_pkg/lib/python3.10/site-packages/lecture02_pkg/tf2_broadcaster.py
/home/ros2/ros2_lecture_ws/src/7_lectures/install/lecture02_pkg/lib/python3.10/site-packages/lecture02_pkg/__pycache__/tf2_listener.cpython-310.pyc
/home/ros2/ros2_lecture_ws/src/7_lectures/install/lecture02_pkg/lib/python3.10/site-packages/lecture02_pkg/__pycache__/opencv_sample.cpython-310.pyc
/home/ros2/ros2_lecture_ws/src/7_lectures/install/lecture02_pkg/lib/python3.10/site-packages/lecture02_pkg/__pycache__/opencv_exercise.cpython-310.pyc
/home/ros2/ros2_lecture_ws/src/7_lectures/install/lecture02_pkg/lib/python3.10/site-packages/lecture02_pkg/__pycache__/__init__.cpython-310.pyc
/home/ros2/ros2_lecture_ws/src/7_lectures/install/lecture02_pkg/lib/python3.10/site-packages/lecture02_pkg/__pycache__/tf2_broadcaster.cpython-310.pyc
/home/ros2/ros2_lecture_ws/src/7_lectures/install/lecture02_pkg/share/ament_index/resource_index/packages/lecture02_pkg
/home/ros2/ros2_lecture_ws/src/7_lectures/install/lecture02_pkg/share/lecture02_pkg/package.xml
/home/ros2/ros2_lecture_ws/src/7_lectures/install/lecture02_pkg/lib/python3.10/site-packages/lecture02_pkg-0.0.0-py3.10.egg-info/SOURCES.txt
/home/ros2/ros2_lecture_ws/src/7_lectures/install/lecture02_pkg/lib/python3.10/site-packages/lecture02_pkg-0.0.0-py3.10.egg-info/PKG-INFO
/home/ros2/ros2_lecture_ws/src/7_lectures/install/lecture02_pkg/lib/python3.10/site-packages/lecture02_pkg-0.0.0-py3.10.egg-info/zip-safe
/home/ros2/ros2_lecture_ws/src/7_lectures/install/lecture02_pkg/lib/python3.10/site-packages/lecture02_pkg-0.0.0-py3.10.egg-info/requires.txt
/home/ros2/ros2_lecture_ws/src/7_lectures/install/lecture02_pkg/lib/python3.10/site-packages/lecture02_pkg-0.0.0-py3.10.egg-info/dependency_links.txt
/home/ros2/ros2_lecture_ws/src/7_lectures/install/lecture02_pkg/lib/python3.10/site-packages/lecture02_pkg-0.0.0-py3.10.egg-info/top_level.txt
/home/ros2/ros2_lecture_ws/src/7_lectures/install/lecture02_pkg/lib/python3.10/site-packages/lecture02_pkg-0.0.0-py3.10.egg-info/entry_points.txt
/home/ros2/ros2_lecture_ws/src/7_lectures/install/lecture02_pkg/lib/lecture02_pkg/opencv_exercise
/home/ros2/ros2_lecture_ws/src/7_lectures/install/lecture02_pkg/lib/lecture02_pkg/opencv_sample
/home/ros2/ros2_lecture_ws/src/7_lectures/install/lecture02_pkg/lib/lecture02_pkg/tf2_broadcaster
/home/ros2/ros2_lecture_ws/src/7_lectures/install/lecture02_pkg/lib/lecture02_pkg/tf2_listener
