running egg_info
writing ../build/competition_pkg/competition_pkg.egg-info/PKG-INFO
writing dependency_links to ../build/competition_pkg/competition_pkg.egg-info/dependency_links.txt
writing entry points to ../build/competition_pkg/competition_pkg.egg-info/entry_points.txt
writing requirements to ../build/competition_pkg/competition_pkg.egg-info/requires.txt
writing top-level names to ../build/competition_pkg/competition_pkg.egg-info/top_level.txt
writing manifest file '../build/competition_pkg/competition_pkg.egg-info/SOURCES.txt'
reading manifest file '../build/competition_pkg/competition_pkg.egg-info/SOURCES.txt'
writing manifest file '../build/competition_pkg/competition_pkg.egg-info/SOURCES.txt'
running build
running build_py
copying competition_pkg/odometry_experiment.py -> /home/ros2/ros2_lecture_ws/src/7_lectures/build/competition_pkg/build/lib/competition_pkg
copying competition_pkg/turtlebot_stop.py -> /home/ros2/ros2_lecture_ws/src/7_lectures/build/competition_pkg/build/lib/competition_pkg
copying competition_pkg/turtlebot_exercise1.py -> /home/ros2/ros2_lecture_ws/src/7_lectures/build/competition_pkg/build/lib/competition_pkg
copying competition_pkg/__init__.py -> /home/ros2/ros2_lecture_ws/src/7_lectures/build/competition_pkg/build/lib/competition_pkg
copying competition_pkg/sm_main.py -> /home/ros2/ros2_lecture_ws/src/7_lectures/build/competition_pkg/build/lib/competition_pkg
copying competition_pkg/sm_sample1.py -> /home/ros2/ros2_lecture_ws/src/7_lectures/build/competition_pkg/build/lib/competition_pkg
copying competition_pkg/state_sample1/mr3.py -> /home/ros2/ros2_lecture_ws/src/7_lectures/build/competition_pkg/build/lib/competition_pkg/state_sample1
copying competition_pkg/state_sample1/__init__.py -> /home/ros2/ros2_lecture_ws/src/7_lectures/build/competition_pkg/build/lib/competition_pkg/state_sample1
copying competition_pkg/state_sample1/mr1.py -> /home/ros2/ros2_lecture_ws/src/7_lectures/build/competition_pkg/build/lib/competition_pkg/state_sample1
copying competition_pkg/state_sample1/mr2.py -> /home/ros2/ros2_lecture_ws/src/7_lectures/build/competition_pkg/build/lib/competition_pkg/state_sample1
copying competition_pkg/states/move_to_human_state.py -> /home/ros2/ros2_lecture_ws/src/7_lectures/build/competition_pkg/build/lib/competition_pkg/states
copying competition_pkg/states/__init__.py -> /home/ros2/ros2_lecture_ws/src/7_lectures/build/competition_pkg/build/lib/competition_pkg/states
running install
running install_lib
copying /home/ros2/ros2_lecture_ws/src/7_lectures/build/competition_pkg/build/lib/competition_pkg/odometry_experiment.py -> /home/ros2/ros2_lecture_ws/src/7_lectures/install/competition_pkg/lib/python3.10/site-packages/competition_pkg
copying /home/ros2/ros2_lecture_ws/src/7_lectures/build/competition_pkg/build/lib/competition_pkg/turtlebot_stop.py -> /home/ros2/ros2_lecture_ws/src/7_lectures/install/competition_pkg/lib/python3.10/site-packages/competition_pkg
copying /home/ros2/ros2_lecture_ws/src/7_lectures/build/competition_pkg/build/lib/competition_pkg/turtlebot_exercise1.py -> /home/ros2/ros2_lecture_ws/src/7_lectures/install/competition_pkg/lib/python3.10/site-packages/competition_pkg
copying /home/ros2/ros2_lecture_ws/src/7_lectures/build/competition_pkg/build/lib/competition_pkg/state_sample1/mr3.py -> /home/ros2/ros2_lecture_ws/src/7_lectures/install/competition_pkg/lib/python3.10/site-packages/competition_pkg/state_sample1
copying /home/ros2/ros2_lecture_ws/src/7_lectures/build/competition_pkg/build/lib/competition_pkg/state_sample1/__init__.py -> /home/ros2/ros2_lecture_ws/src/7_lectures/install/competition_pkg/lib/python3.10/site-packages/competition_pkg/state_sample1
copying /home/ros2/ros2_lecture_ws/src/7_lectures/build/competition_pkg/build/lib/competition_pkg/state_sample1/mr1.py -> /home/ros2/ros2_lecture_ws/src/7_lectures/install/competition_pkg/lib/python3.10/site-packages/competition_pkg/state_sample1
copying /home/ros2/ros2_lecture_ws/src/7_lectures/build/competition_pkg/build/lib/competition_pkg/state_sample1/mr2.py -> /home/ros2/ros2_lecture_ws/src/7_lectures/install/competition_pkg/lib/python3.10/site-packages/competition_pkg/state_sample1
copying /home/ros2/ros2_lecture_ws/src/7_lectures/build/competition_pkg/build/lib/competition_pkg/__init__.py -> /home/ros2/ros2_lecture_ws/src/7_lectures/install/competition_pkg/lib/python3.10/site-packages/competition_pkg
copying /home/ros2/ros2_lecture_ws/src/7_lectures/build/competition_pkg/build/lib/competition_pkg/states/move_to_human_state.py -> /home/ros2/ros2_lecture_ws/src/7_lectures/install/competition_pkg/lib/python3.10/site-packages/competition_pkg/states
copying /home/ros2/ros2_lecture_ws/src/7_lectures/build/competition_pkg/build/lib/competition_pkg/states/__init__.py -> /home/ros2/ros2_lecture_ws/src/7_lectures/install/competition_pkg/lib/python3.10/site-packages/competition_pkg/states
copying /home/ros2/ros2_lecture_ws/src/7_lectures/build/competition_pkg/build/lib/competition_pkg/sm_main.py -> /home/ros2/ros2_lecture_ws/src/7_lectures/install/competition_pkg/lib/python3.10/site-packages/competition_pkg
copying /home/ros2/ros2_lecture_ws/src/7_lectures/build/competition_pkg/build/lib/competition_pkg/sm_sample1.py -> /home/ros2/ros2_lecture_ws/src/7_lectures/install/competition_pkg/lib/python3.10/site-packages/competition_pkg
byte-compiling /home/ros2/ros2_lecture_ws/src/7_lectures/install/competition_pkg/lib/python3.10/site-packages/competition_pkg/odometry_experiment.py to odometry_experiment.cpython-310.pyc
byte-compiling /home/ros2/ros2_lecture_ws/src/7_lectures/install/competition_pkg/lib/python3.10/site-packages/competition_pkg/turtlebot_stop.py to turtlebot_stop.cpython-310.pyc
byte-compiling /home/ros2/ros2_lecture_ws/src/7_lectures/install/competition_pkg/lib/python3.10/site-packages/competition_pkg/turtlebot_exercise1.py to turtlebot_exercise1.cpython-310.pyc
byte-compiling /home/ros2/ros2_lecture_ws/src/7_lectures/install/competition_pkg/lib/python3.10/site-packages/competition_pkg/state_sample1/mr3.py to mr3.cpython-310.pyc
byte-compiling /home/ros2/ros2_lecture_ws/src/7_lectures/install/competition_pkg/lib/python3.10/site-packages/competition_pkg/state_sample1/__init__.py to __init__.cpython-310.pyc
byte-compiling /home/ros2/ros2_lecture_ws/src/7_lectures/install/competition_pkg/lib/python3.10/site-packages/competition_pkg/state_sample1/mr1.py to mr1.cpython-310.pyc
byte-compiling /home/ros2/ros2_lecture_ws/src/7_lectures/install/competition_pkg/lib/python3.10/site-packages/competition_pkg/state_sample1/mr2.py to mr2.cpython-310.pyc
byte-compiling /home/ros2/ros2_lecture_ws/src/7_lectures/install/competition_pkg/lib/python3.10/site-packages/competition_pkg/__init__.py to __init__.cpython-310.pyc
byte-compiling /home/ros2/ros2_lecture_ws/src/7_lectures/install/competition_pkg/lib/python3.10/site-packages/competition_pkg/states/move_to_human_state.py to move_to_human_state.cpython-310.pyc
byte-compiling /home/ros2/ros2_lecture_ws/src/7_lectures/install/competition_pkg/lib/python3.10/site-packages/competition_pkg/states/__init__.py to __init__.cpython-310.pyc
byte-compiling /home/ros2/ros2_lecture_ws/src/7_lectures/install/competition_pkg/lib/python3.10/site-packages/competition_pkg/sm_main.py to sm_main.cpython-310.pyc
byte-compiling /home/ros2/ros2_lecture_ws/src/7_lectures/install/competition_pkg/lib/python3.10/site-packages/competition_pkg/sm_sample1.py to sm_sample1.cpython-310.pyc
running install_data
copying resource/competition_pkg -> /home/ros2/ros2_lecture_ws/src/7_lectures/install/competition_pkg/share/ament_index/resource_index/packages
copying package.xml -> /home/ros2/ros2_lecture_ws/src/7_lectures/install/competition_pkg/share/competition_pkg
running install_egg_info
removing '/home/ros2/ros2_lecture_ws/src/7_lectures/install/competition_pkg/lib/python3.10/site-packages/competition_pkg-0.0.0-py3.10.egg-info' (and everything under it)
Copying ../build/competition_pkg/competition_pkg.egg-info to /home/ros2/ros2_lecture_ws/src/7_lectures/install/competition_pkg/lib/python3.10/site-packages/competition_pkg-0.0.0-py3.10.egg-info
running install_scripts
Installing odometry_experiment script to /home/ros2/ros2_lecture_ws/src/7_lectures/install/competition_pkg/lib/competition_pkg
Installing sm_sample1 script to /home/ros2/ros2_lecture_ws/src/7_lectures/install/competition_pkg/lib/competition_pkg
Installing turtlebot_exercise1 script to /home/ros2/ros2_lecture_ws/src/7_lectures/install/competition_pkg/lib/competition_pkg
Installing turtlebot_stop script to /home/ros2/ros2_lecture_ws/src/7_lectures/install/competition_pkg/lib/competition_pkg
writing list of installed files to '/home/ros2/ros2_lecture_ws/src/7_lectures/build/competition_pkg/install.log'
