[2.867s] Invoking command in '/home/ros2/ros2_lecture_ws/src/7_lectures/competition_pkg': PYTHONPATH=/home/ros2/ros2_lecture_ws/src/7_lectures/build/competition_pkg/prefix_override:/usr/lib/python3/dist-packages/colcon_core/task/python/colcon_distutils_commands:/home/ros2/ros2_lecture_ws/src/7_lectures/install/competition_pkg/lib/python3.10/site-packages:${PYTHONPATH} /usr/bin/python3 -W ignore:setup.py install is deprecated -W ignore:easy_install command is deprecated setup.py egg_info --egg-base ../build/competition_pkg build --build-base /home/ros2/ros2_lecture_ws/src/7_lectures/build/competition_pkg/build install --record /home/ros2/ros2_lecture_ws/src/7_lectures/build/competition_pkg/install.log --single-version-externally-managed install_data
[3.614s] running egg_info
[3.617s] writing ../build/competition_pkg/competition_pkg.egg-info/PKG-INFO
[3.617s] writing dependency_links to ../build/competition_pkg/competition_pkg.egg-info/dependency_links.txt
[3.617s] writing entry points to ../build/competition_pkg/competition_pkg.egg-info/entry_points.txt
[3.618s] writing requirements to ../build/competition_pkg/competition_pkg.egg-info/requires.txt
[3.618s] writing top-level names to ../build/competition_pkg/competition_pkg.egg-info/top_level.txt
[3.618s] writing manifest file '../build/competition_pkg/competition_pkg.egg-info/SOURCES.txt'
[3.626s] reading manifest file '../build/competition_pkg/competition_pkg.egg-info/SOURCES.txt'
[3.626s] writing manifest file '../build/competition_pkg/competition_pkg.egg-info/SOURCES.txt'
[3.626s] running build
[3.627s] running build_py
[3.627s] copying competition_pkg/odometry_experiment.py -> /home/ros2/ros2_lecture_ws/src/7_lectures/build/competition_pkg/build/lib/competition_pkg
[3.627s] copying competition_pkg/turtlebot_stop.py -> /home/ros2/ros2_lecture_ws/src/7_lectures/build/competition_pkg/build/lib/competition_pkg
[3.628s] copying competition_pkg/turtlebot_exercise1.py -> /home/ros2/ros2_lecture_ws/src/7_lectures/build/competition_pkg/build/lib/competition_pkg
[3.628s] copying competition_pkg/__init__.py -> /home/ros2/ros2_lecture_ws/src/7_lectures/build/competition_pkg/build/lib/competition_pkg
[3.628s] copying competition_pkg/sm_main.py -> /home/ros2/ros2_lecture_ws/src/7_lectures/build/competition_pkg/build/lib/competition_pkg
[3.628s] copying competition_pkg/sm_sample1.py -> /home/ros2/ros2_lecture_ws/src/7_lectures/build/competition_pkg/build/lib/competition_pkg
[3.629s] copying competition_pkg/state_sample1/mr3.py -> /home/ros2/ros2_lecture_ws/src/7_lectures/build/competition_pkg/build/lib/competition_pkg/state_sample1
[3.629s] copying competition_pkg/state_sample1/__init__.py -> /home/ros2/ros2_lecture_ws/src/7_lectures/build/competition_pkg/build/lib/competition_pkg/state_sample1
[3.629s] copying competition_pkg/state_sample1/mr1.py -> /home/ros2/ros2_lecture_ws/src/7_lectures/build/competition_pkg/build/lib/competition_pkg/state_sample1
[3.630s] copying competition_pkg/state_sample1/mr2.py -> /home/ros2/ros2_lecture_ws/src/7_lectures/build/competition_pkg/build/lib/competition_pkg/state_sample1
[3.631s] copying competition_pkg/states/move_to_human_state.py -> /home/ros2/ros2_lecture_ws/src/7_lectures/build/competition_pkg/build/lib/competition_pkg/states
[3.632s] copying competition_pkg/states/__init__.py -> /home/ros2/ros2_lecture_ws/src/7_lectures/build/competition_pkg/build/lib/competition_pkg/states
[3.632s] running install
[3.633s] running install_lib
[3.633s] copying /home/ros2/ros2_lecture_ws/src/7_lectures/build/competition_pkg/build/lib/competition_pkg/odometry_experiment.py -> /home/ros2/ros2_lecture_ws/src/7_lectures/install/competition_pkg/lib/python3.10/site-packages/competition_pkg
[3.633s] copying /home/ros2/ros2_lecture_ws/src/7_lectures/build/competition_pkg/build/lib/competition_pkg/turtlebot_stop.py -> /home/ros2/ros2_lecture_ws/src/7_lectures/install/competition_pkg/lib/python3.10/site-packages/competition_pkg
[3.635s] copying /home/ros2/ros2_lecture_ws/src/7_lectures/build/competition_pkg/build/lib/competition_pkg/turtlebot_exercise1.py -> /home/ros2/ros2_lecture_ws/src/7_lectures/install/competition_pkg/lib/python3.10/site-packages/competition_pkg
[3.635s] copying /home/ros2/ros2_lecture_ws/src/7_lectures/build/competition_pkg/build/lib/competition_pkg/state_sample1/mr3.py -> /home/ros2/ros2_lecture_ws/src/7_lectures/install/competition_pkg/lib/python3.10/site-packages/competition_pkg/state_sample1
[3.635s] copying /home/ros2/ros2_lecture_ws/src/7_lectures/build/competition_pkg/build/lib/competition_pkg/state_sample1/__init__.py -> /home/ros2/ros2_lecture_ws/src/7_lectures/install/competition_pkg/lib/python3.10/site-packages/competition_pkg/state_sample1
[3.635s] copying /home/ros2/ros2_lecture_ws/src/7_lectures/build/competition_pkg/build/lib/competition_pkg/state_sample1/mr1.py -> /home/ros2/ros2_lecture_ws/src/7_lectures/install/competition_pkg/lib/python3.10/site-packages/competition_pkg/state_sample1
[3.636s] copying /home/ros2/ros2_lecture_ws/src/7_lectures/build/competition_pkg/build/lib/competition_pkg/state_sample1/mr2.py -> /home/ros2/ros2_lecture_ws/src/7_lectures/install/competition_pkg/lib/python3.10/site-packages/competition_pkg/state_sample1
[3.636s] copying /home/ros2/ros2_lecture_ws/src/7_lectures/build/competition_pkg/build/lib/competition_pkg/__init__.py -> /home/ros2/ros2_lecture_ws/src/7_lectures/install/competition_pkg/lib/python3.10/site-packages/competition_pkg
[3.636s] copying /home/ros2/ros2_lecture_ws/src/7_lectures/build/competition_pkg/build/lib/competition_pkg/states/move_to_human_state.py -> /home/ros2/ros2_lecture_ws/src/7_lectures/install/competition_pkg/lib/python3.10/site-packages/competition_pkg/states
[3.636s] copying /home/ros2/ros2_lecture_ws/src/7_lectures/build/competition_pkg/build/lib/competition_pkg/states/__init__.py -> /home/ros2/ros2_lecture_ws/src/7_lectures/install/competition_pkg/lib/python3.10/site-packages/competition_pkg/states
[3.636s] copying /home/ros2/ros2_lecture_ws/src/7_lectures/build/competition_pkg/build/lib/competition_pkg/sm_main.py -> /home/ros2/ros2_lecture_ws/src/7_lectures/install/competition_pkg/lib/python3.10/site-packages/competition_pkg
[3.639s] copying /home/ros2/ros2_lecture_ws/src/7_lectures/build/competition_pkg/build/lib/competition_pkg/sm_sample1.py -> /home/ros2/ros2_lecture_ws/src/7_lectures/install/competition_pkg/lib/python3.10/site-packages/competition_pkg
[3.640s] byte-compiling /home/ros2/ros2_lecture_ws/src/7_lectures/install/competition_pkg/lib/python3.10/site-packages/competition_pkg/odometry_experiment.py to odometry_experiment.cpython-310.pyc
[3.640s] byte-compiling /home/ros2/ros2_lecture_ws/src/7_lectures/install/competition_pkg/lib/python3.10/site-packages/competition_pkg/turtlebot_stop.py to turtlebot_stop.cpython-310.pyc
[3.640s] byte-compiling /home/ros2/ros2_lecture_ws/src/7_lectures/install/competition_pkg/lib/python3.10/site-packages/competition_pkg/turtlebot_exercise1.py to turtlebot_exercise1.cpython-310.pyc
[3.640s] byte-compiling /home/ros2/ros2_lecture_ws/src/7_lectures/install/competition_pkg/lib/python3.10/site-packages/competition_pkg/state_sample1/mr3.py to mr3.cpython-310.pyc
[3.641s] byte-compiling /home/ros2/ros2_lecture_ws/src/7_lectures/install/competition_pkg/lib/python3.10/site-packages/competition_pkg/state_sample1/__init__.py to __init__.cpython-310.pyc
[3.641s] byte-compiling /home/ros2/ros2_lecture_ws/src/7_lectures/install/competition_pkg/lib/python3.10/site-packages/competition_pkg/state_sample1/mr1.py to mr1.cpython-310.pyc
[3.644s] byte-compiling /home/ros2/ros2_lecture_ws/src/7_lectures/install/competition_pkg/lib/python3.10/site-packages/competition_pkg/state_sample1/mr2.py to mr2.cpython-310.pyc
[3.647s] byte-compiling /home/ros2/ros2_lecture_ws/src/7_lectures/install/competition_pkg/lib/python3.10/site-packages/competition_pkg/__init__.py to __init__.cpython-310.pyc
[3.647s] byte-compiling /home/ros2/ros2_lecture_ws/src/7_lectures/install/competition_pkg/lib/python3.10/site-packages/competition_pkg/states/move_to_human_state.py to move_to_human_state.cpython-310.pyc
[3.649s] byte-compiling /home/ros2/ros2_lecture_ws/src/7_lectures/install/competition_pkg/lib/python3.10/site-packages/competition_pkg/states/__init__.py to __init__.cpython-310.pyc
[3.649s] byte-compiling /home/ros2/ros2_lecture_ws/src/7_lectures/install/competition_pkg/lib/python3.10/site-packages/competition_pkg/sm_main.py to sm_main.cpython-310.pyc
[3.652s] byte-compiling /home/ros2/ros2_lecture_ws/src/7_lectures/install/competition_pkg/lib/python3.10/site-packages/competition_pkg/sm_sample1.py to sm_sample1.cpython-310.pyc
[3.652s] running install_data
[3.652s]   File "/home/ros2/ros2_lecture_ws/src/7_lectures/install/competition_pkg/lib/python3.10/site-packages/competition_pkg/states/move_to_human_state.py", line 40
[3.652s]     future = self.client.send_goal_async(goal_msg)        self.sub.destroy()
[3.653s]                                                           ^^^^
[3.653s] SyntaxError: invalid syntax
[3.653s] 
[3.654s]   File "/home/ros2/ros2_lecture_ws/src/7_lectures/install/competition_pkg/lib/python3.10/site-packages/competition_pkg/sm_main.py", line 70
[3.654s]     self.get_logger().info("State Machine finished with ou
[3.654s]                            ^
[3.654s] SyntaxError: unterminated string literal (detected at line 70)
[3.655s] 
[3.658s] copying resource/competition_pkg -> /home/ros2/ros2_lecture_ws/src/7_lectures/install/competition_pkg/share/ament_index/resource_index/packages
[3.658s] copying package.xml -> /home/ros2/ros2_lecture_ws/src/7_lectures/install/competition_pkg/share/competition_pkg
[3.658s] running install_egg_info
[3.661s] removing '/home/ros2/ros2_lecture_ws/src/7_lectures/install/competition_pkg/lib/python3.10/site-packages/competition_pkg-0.0.0-py3.10.egg-info' (and everything under it)
[3.662s] Copying ../build/competition_pkg/competition_pkg.egg-info to /home/ros2/ros2_lecture_ws/src/7_lectures/install/competition_pkg/lib/python3.10/site-packages/competition_pkg-0.0.0-py3.10.egg-info
[3.663s] running install_scripts
[3.713s] Installing odometry_experiment script to /home/ros2/ros2_lecture_ws/src/7_lectures/install/competition_pkg/lib/competition_pkg
[3.713s] Installing sm_sample1 script to /home/ros2/ros2_lecture_ws/src/7_lectures/install/competition_pkg/lib/competition_pkg
[3.713s] Installing turtlebot_exercise1 script to /home/ros2/ros2_lecture_ws/src/7_lectures/install/competition_pkg/lib/competition_pkg
[3.713s] Installing turtlebot_stop script to /home/ros2/ros2_lecture_ws/src/7_lectures/install/competition_pkg/lib/competition_pkg
[3.715s] writing list of installed files to '/home/ros2/ros2_lecture_ws/src/7_lectures/build/competition_pkg/install.log'
[3.792s] Invoked command in '/home/ros2/ros2_lecture_ws/src/7_lectures/competition_pkg' returned '0': PYTHONPATH=/home/ros2/ros2_lecture_ws/src/7_lectures/build/competition_pkg/prefix_override:/usr/lib/python3/dist-packages/colcon_core/task/python/colcon_distutils_commands:/home/ros2/ros2_lecture_ws/src/7_lectures/install/competition_pkg/lib/python3.10/site-packages:${PYTHONPATH} /usr/bin/python3 -W ignore:setup.py install is deprecated -W ignore:easy_install command is deprecated setup.py egg_info --egg-base ../build/competition_pkg build --build-base /home/ros2/ros2_lecture_ws/src/7_lectures/build/competition_pkg/build install --record /home/ros2/ros2_lecture_ws/src/7_lectures/build/competition_pkg/install.log --single-version-externally-managed install_data
