/home/ros2/ros2_lecture_ws/src/7_lectures/install/lecture04_pkg/lib/python3.10/site-packages/lecture04_pkg/sm_exercise.py
/home/ros2/ros2_lecture_ws/src/7_lectures/install/lecture04_pkg/lib/python3.10/site-packages/lecture04_pkg/__init__.py
/home/ros2/ros2_lecture_ws/src/7_lectures/install/lecture04_pkg/lib/python3.10/site-packages/lecture04_pkg/sm_main.py
/home/ros2/ros2_lecture_ws/src/7_lectures/install/lecture04_pkg/lib/python3.10/site-packages/lecture04_pkg/sm_sample2.py
/home/ros2/ros2_lecture_ws/src/7_lectures/install/lecture04_pkg/lib/python3.10/site-packages/lecture04_pkg/sm_sample1.py
/home/ros2/ros2_lecture_ws/src/7_lectures/install/lecture04_pkg/lib/python3.10/site-packages/lecture04_pkg/return_home_once.py
/home/ros2/ros2_lecture_ws/src/7_lectures/install/lecture04_pkg/lib/python3.10/site-packages/lecture04_pkg/state_sample2/__init__.py
/home/ros2/ros2_lecture_ws/src/7_lectures/install/lecture04_pkg/lib/python3.10/site-packages/lecture04_pkg/state_sample2/bar.py
/home/ros2/ros2_lecture_ws/src/7_lectures/install/lecture04_pkg/lib/python3.10/site-packages/lecture04_pkg/state_sample2/foo.py
/home/ros2/ros2_lecture_ws/src/7_lectures/install/lecture04_pkg/lib/python3.10/site-packages/lecture04_pkg/state_exercise/__init__.py
/home/ros2/ros2_lecture_ws/src/7_lectures/install/lecture04_pkg/lib/python3.10/site-packages/lecture04_pkg/state_exercise/hoge.py
/home/ros2/ros2_lecture_ws/src/7_lectures/install/lecture04_pkg/lib/python3.10/site-packages/lecture04_pkg/state_exercise/bar.py
/home/ros2/ros2_lecture_ws/src/7_lectures/install/lecture04_pkg/lib/python3.10/site-packages/lecture04_pkg/state_exercise/foo.py
/home/ros2/ros2_lecture_ws/src/7_lectures/install/lecture04_pkg/lib/python3.10/site-packages/lecture04_pkg/state_sample1/__init__.py
/home/ros2/ros2_lecture_ws/src/7_lectures/install/lecture04_pkg/lib/python3.10/site-packages/lecture04_pkg/state_sample1/bar.py
/home/ros2/ros2_lecture_ws/src/7_lectures/install/lecture04_pkg/lib/python3.10/site-packages/lecture04_pkg/state_sample1/foo.py
/home/ros2/ros2_lecture_ws/src/7_lectures/install/lecture04_pkg/lib/python3.10/site-packages/lecture04_pkg/state_main/follow.py
/home/ros2/ros2_lecture_ws/src/7_lectures/install/lecture04_pkg/lib/python3.10/site-packages/lecture04_pkg/state_main/__init__.py
/home/ros2/ros2_lecture_ws/src/7_lectures/install/lecture04_pkg/lib/python3.10/site-packages/lecture04_pkg/state_main/navigation.py
/home/ros2/ros2_lecture_ws/src/7_lectures/install/lecture04_pkg/lib/python3.10/site-packages/lecture04_pkg/__pycache__/sm_exercise.cpython-310.pyc
/home/ros2/ros2_lecture_ws/src/7_lectures/install/lecture04_pkg/lib/python3.10/site-packages/lecture04_pkg/__pycache__/__init__.cpython-310.pyc
/home/ros2/ros2_lecture_ws/src/7_lectures/install/lecture04_pkg/lib/python3.10/site-packages/lecture04_pkg/__pycache__/sm_main.cpython-310.pyc
/home/ros2/ros2_lecture_ws/src/7_lectures/install/lecture04_pkg/lib/python3.10/site-packages/lecture04_pkg/__pycache__/sm_sample2.cpython-310.pyc
/home/ros2/ros2_lecture_ws/src/7_lectures/install/lecture04_pkg/lib/python3.10/site-packages/lecture04_pkg/__pycache__/sm_sample1.cpython-310.pyc
/home/ros2/ros2_lecture_ws/src/7_lectures/install/lecture04_pkg/lib/python3.10/site-packages/lecture04_pkg/__pycache__/return_home_once.cpython-310.pyc
/home/ros2/ros2_lecture_ws/src/7_lectures/install/lecture04_pkg/lib/python3.10/site-packages/lecture04_pkg/state_sample2/__pycache__/__init__.cpython-310.pyc
/home/ros2/ros2_lecture_ws/src/7_lectures/install/lecture04_pkg/lib/python3.10/site-packages/lecture04_pkg/state_sample2/__pycache__/bar.cpython-310.pyc
/home/ros2/ros2_lecture_ws/src/7_lectures/install/lecture04_pkg/lib/python3.10/site-packages/lecture04_pkg/state_sample2/__pycache__/foo.cpython-310.pyc
/home/ros2/ros2_lecture_ws/src/7_lectures/install/lecture04_pkg/lib/python3.10/site-packages/lecture04_pkg/state_exercise/__pycache__/__init__.cpython-310.pyc
/home/ros2/ros2_lecture_ws/src/7_lectures/install/lecture04_pkg/lib/python3.10/site-packages/lecture04_pkg/state_exercise/__pycache__/hoge.cpython-310.pyc
/home/ros2/ros2_lecture_ws/src/7_lectures/install/lecture04_pkg/lib/python3.10/site-packages/lecture04_pkg/state_exercise/__pycache__/bar.cpython-310.pyc
/home/ros2/ros2_lecture_ws/src/7_lectures/install/lecture04_pkg/lib/python3.10/site-packages/lecture04_pkg/state_exercise/__pycache__/foo.cpython-310.pyc
/home/ros2/ros2_lecture_ws/src/7_lectures/install/lecture04_pkg/lib/python3.10/site-packages/lecture04_pkg/state_sample1/__pycache__/__init__.cpython-310.pyc
/home/ros2/ros2_lecture_ws/src/7_lectures/install/lecture04_pkg/lib/python3.10/site-packages/lecture04_pkg/state_sample1/__pycache__/bar.cpython-310.pyc
/home/ros2/ros2_lecture_ws/src/7_lectures/install/lecture04_pkg/lib/python3.10/site-packages/lecture04_pkg/state_sample1/__pycache__/foo.cpython-310.pyc
/home/ros2/ros2_lecture_ws/src/7_lectures/install/lecture04_pkg/lib/python3.10/site-packages/lecture04_pkg/state_main/__pycache__/follow.cpython-310.pyc
/home/ros2/ros2_lecture_ws/src/7_lectures/install/lecture04_pkg/lib/python3.10/site-packages/lecture04_pkg/state_main/__pycache__/__init__.cpython-310.pyc
/home/ros2/ros2_lecture_ws/src/7_lectures/install/lecture04_pkg/lib/python3.10/site-packages/lecture04_pkg/state_main/__pycache__/navigation.cpython-310.pyc
/home/ros2/ros2_lecture_ws/src/7_lectures/install/lecture04_pkg/share/ament_index/resource_index/packages/lecture04_pkg
/home/ros2/ros2_lecture_ws/src/7_lectures/install/lecture04_pkg/share/lecture04_pkg/package.xml
/home/ros2/ros2_lecture_ws/src/7_lectures/install/lecture04_pkg/share/lecture04_pkg/launch/launch_sample2.launch.py
/home/ros2/ros2_lecture_ws/src/7_lectures/install/lecture04_pkg/share/lecture04_pkg/launch/launch_sample1.launch.py
/home/ros2/ros2_lecture_ws/src/7_lectures/install/lecture04_pkg/lib/python3.10/site-packages/lecture04_pkg-0.0.0-py3.10.egg-info/SOURCES.txt
/home/ros2/ros2_lecture_ws/src/7_lectures/install/lecture04_pkg/lib/python3.10/site-packages/lecture04_pkg-0.0.0-py3.10.egg-info/PKG-INFO
/home/ros2/ros2_lecture_ws/src/7_lectures/install/lecture04_pkg/lib/python3.10/site-packages/lecture04_pkg-0.0.0-py3.10.egg-info/zip-safe
/home/ros2/ros2_lecture_ws/src/7_lectures/install/lecture04_pkg/lib/python3.10/site-packages/lecture04_pkg-0.0.0-py3.10.egg-info/requires.txt
/home/ros2/ros2_lecture_ws/src/7_lectures/install/lecture04_pkg/lib/python3.10/site-packages/lecture04_pkg-0.0.0-py3.10.egg-info/dependency_links.txt
/home/ros2/ros2_lecture_ws/src/7_lectures/install/lecture04_pkg/lib/python3.10/site-packages/lecture04_pkg-0.0.0-py3.10.egg-info/top_level.txt
/home/ros2/ros2_lecture_ws/src/7_lectures/install/lecture04_pkg/lib/python3.10/site-packages/lecture04_pkg-0.0.0-py3.10.egg-info/entry_points.txt
/home/ros2/ros2_lecture_ws/src/7_lectures/install/lecture04_pkg/lib/lecture04_pkg/return_home_once
/home/ros2/ros2_lecture_ws/src/7_lectures/install/lecture04_pkg/lib/lecture04_pkg/sm_exercise
/home/ros2/ros2_lecture_ws/src/7_lectures/install/lecture04_pkg/lib/lecture04_pkg/sm_main
/home/ros2/ros2_lecture_ws/src/7_lectures/install/lecture04_pkg/lib/lecture04_pkg/sm_sample1
/home/ros2/ros2_lecture_ws/src/7_lectures/install/lecture04_pkg/lib/lecture04_pkg/sm_sample2
