running egg_info
writing ../build/lecture02_pkg/lecture02_pkg.egg-info/PKG-INFO
writing dependency_links to ../build/lecture02_pkg/lecture02_pkg.egg-info/dependency_links.txt
writing entry points to ../build/lecture02_pkg/lecture02_pkg.egg-info/entry_points.txt
writing requirements to ../build/lecture02_pkg/lecture02_pkg.egg-info/requires.txt
writing top-level names to ../build/lecture02_pkg/lecture02_pkg.egg-info/top_level.txt
writing manifest file '../build/lecture02_pkg/lecture02_pkg.egg-info/SOURCES.txt'
reading manifest file '../build/lecture02_pkg/lecture02_pkg.egg-info/SOURCES.txt'
adding license file 'LICENSE'
writing manifest file '../build/lecture02_pkg/lecture02_pkg.egg-info/SOURCES.txt'
running build
running build_py
copying lecture02_pkg/tf2_listener.py -> /home/ros2/ros2_lecture_ws/src/7_lectures/build/lecture02_pkg/build/lib/lecture02_pkg
copying lecture02_pkg/opencv_sample.py -> /home/ros2/ros2_lecture_ws/src/7_lectures/build/lecture02_pkg/build/lib/lecture02_pkg
copying lecture02_pkg/opencv_exercise.py -> /home/ros2/ros2_lecture_ws/src/7_lectures/build/lecture02_pkg/build/lib/lecture02_pkg
copying lecture02_pkg/__init__.py -> /home/ros2/ros2_lecture_ws/src/7_lectures/build/lecture02_pkg/build/lib/lecture02_pkg
copying lecture02_pkg/tf2_broadcaster.py -> /home/ros2/ros2_lecture_ws/src/7_lectures/build/lecture02_pkg/build/lib/lecture02_pkg
running install
running install_lib
copying /home/ros2/ros2_lecture_ws/src/7_lectures/build/lecture02_pkg/build/lib/lecture02_pkg/tf2_listener.py -> /home/ros2/ros2_lecture_ws/src/7_lectures/install/lecture02_pkg/lib/python3.10/site-packages/lecture02_pkg
copying /home/ros2/ros2_lecture_ws/src/7_lectures/build/lecture02_pkg/build/lib/lecture02_pkg/opencv_sample.py -> /home/ros2/ros2_lecture_ws/src/7_lectures/install/lecture02_pkg/lib/python3.10/site-packages/lecture02_pkg
copying /home/ros2/ros2_lecture_ws/src/7_lectures/build/lecture02_pkg/build/lib/lecture02_pkg/opencv_exercise.py -> /home/ros2/ros2_lecture_ws/src/7_lectures/install/lecture02_pkg/lib/python3.10/site-packages/lecture02_pkg
copying /home/ros2/ros2_lecture_ws/src/7_lectures/build/lecture02_pkg/build/lib/lecture02_pkg/__init__.py -> /home/ros2/ros2_lecture_ws/src/7_lectures/install/lecture02_pkg/lib/python3.10/site-packages/lecture02_pkg
copying /home/ros2/ros2_lecture_ws/src/7_lectures/build/lecture02_pkg/build/lib/lecture02_pkg/tf2_broadcaster.py -> /home/ros2/ros2_lecture_ws/src/7_lectures/install/lecture02_pkg/lib/python3.10/site-packages/lecture02_pkg
byte-compiling /home/ros2/ros2_lecture_ws/src/7_lectures/install/lecture02_pkg/lib/python3.10/site-packages/lecture02_pkg/tf2_listener.py to tf2_listener.cpython-310.pyc
byte-compiling /home/ros2/ros2_lecture_ws/src/7_lectures/install/lecture02_pkg/lib/python3.10/site-packages/lecture02_pkg/opencv_sample.py to opencv_sample.cpython-310.pyc
byte-compiling /home/ros2/ros2_lecture_ws/src/7_lectures/install/lecture02_pkg/lib/python3.10/site-packages/lecture02_pkg/opencv_exercise.py to opencv_exercise.cpython-310.pyc
byte-compiling /home/ros2/ros2_lecture_ws/src/7_lectures/install/lecture02_pkg/lib/python3.10/site-packages/lecture02_pkg/__init__.py to __init__.cpython-310.pyc
byte-compiling /home/ros2/ros2_lecture_ws/src/7_lectures/install/lecture02_pkg/lib/python3.10/site-packages/lecture02_pkg/tf2_broadcaster.py to tf2_broadcaster.cpython-310.pyc
running install_data
copying resource/lecture02_pkg -> /home/ros2/ros2_lecture_ws/src/7_lectures/install/lecture02_pkg/share/ament_index/resource_index/packages
copying package.xml -> /home/ros2/ros2_lecture_ws/src/7_lectures/install/lecture02_pkg/share/lecture02_pkg
running install_egg_info
removing '/home/ros2/ros2_lecture_ws/src/7_lectures/install/lecture02_pkg/lib/python3.10/site-packages/lecture02_pkg-0.0.0-py3.10.egg-info' (and everything under it)
Copying ../build/lecture02_pkg/lecture02_pkg.egg-info to /home/ros2/ros2_lecture_ws/src/7_lectures/install/lecture02_pkg/lib/python3.10/site-packages/lecture02_pkg-0.0.0-py3.10.egg-info
running install_scripts
Installing opencv_exercise script to /home/ros2/ros2_lecture_ws/src/7_lectures/install/lecture02_pkg/lib/lecture02_pkg
Installing opencv_sample script to /home/ros2/ros2_lecture_ws/src/7_lectures/install/lecture02_pkg/lib/lecture02_pkg
Installing tf2_broadcaster script to /home/ros2/ros2_lecture_ws/src/7_lectures/install/lecture02_pkg/lib/lecture02_pkg
Installing tf2_listener script to /home/ros2/ros2_lecture_ws/src/7_lectures/install/lecture02_pkg/lib/lecture02_pkg
writing list of installed files to '/home/ros2/ros2_lecture_ws/src/7_lectures/build/lecture02_pkg/install.log'
