[3.011s] Invoking command in '/home/ros2/ros2_lecture_ws/src/7_lectures/lecture02_pkg': PYTHONPATH=/home/ros2/ros2_lecture_ws/src/7_lectures/build/lecture02_pkg/prefix_override:/usr/lib/python3/dist-packages/colcon_core/task/python/colcon_distutils_commands:/home/ros2/ros2_lecture_ws/src/7_lectures/install/lecture02_pkg/lib/python3.10/site-packages:${PYTHONPATH} /usr/bin/python3 -W ignore:setup.py install is deprecated -W ignore:easy_install command is deprecated setup.py egg_info --egg-base ../build/lecture02_pkg build --build-base /home/ros2/ros2_lecture_ws/src/7_lectures/build/lecture02_pkg/build install --record /home/ros2/ros2_lecture_ws/src/7_lectures/build/lecture02_pkg/install.log --single-version-externally-managed install_data
[3.846s] running egg_info
[3.848s] writing ../build/lecture02_pkg/lecture02_pkg.egg-info/PKG-INFO
[3.849s] writing dependency_links to ../build/lecture02_pkg/lecture02_pkg.egg-info/dependency_links.txt
[3.849s] writing entry points to ../build/lecture02_pkg/lecture02_pkg.egg-info/entry_points.txt
[3.856s] writing requirements to ../build/lecture02_pkg/lecture02_pkg.egg-info/requires.txt
[3.856s] writing top-level names to ../build/lecture02_pkg/lecture02_pkg.egg-info/top_level.txt
[3.857s] writing manifest file '../build/lecture02_pkg/lecture02_pkg.egg-info/SOURCES.txt'
[3.857s] reading manifest file '../build/lecture02_pkg/lecture02_pkg.egg-info/SOURCES.txt'
[3.857s] adding license file 'LICENSE'
[3.860s] writing manifest file '../build/lecture02_pkg/lecture02_pkg.egg-info/SOURCES.txt'
[3.860s] running build
[3.860s] running build_py
[3.860s] copying lecture02_pkg/tf2_listener.py -> /home/ros2/ros2_lecture_ws/src/7_lectures/build/lecture02_pkg/build/lib/lecture02_pkg
[3.863s] copying lecture02_pkg/opencv_sample.py -> /home/ros2/ros2_lecture_ws/src/7_lectures/build/lecture02_pkg/build/lib/lecture02_pkg
[3.864s] copying lecture02_pkg/opencv_exercise.py -> /home/ros2/ros2_lecture_ws/src/7_lectures/build/lecture02_pkg/build/lib/lecture02_pkg
[3.865s] copying lecture02_pkg/__init__.py -> /home/ros2/ros2_lecture_ws/src/7_lectures/build/lecture02_pkg/build/lib/lecture02_pkg
[3.865s] copying lecture02_pkg/tf2_broadcaster.py -> /home/ros2/ros2_lecture_ws/src/7_lectures/build/lecture02_pkg/build/lib/lecture02_pkg
[3.870s] running install
[3.870s] running install_lib
[3.871s] copying /home/ros2/ros2_lecture_ws/src/7_lectures/build/lecture02_pkg/build/lib/lecture02_pkg/tf2_listener.py -> /home/ros2/ros2_lecture_ws/src/7_lectures/install/lecture02_pkg/lib/python3.10/site-packages/lecture02_pkg
[3.871s] copying /home/ros2/ros2_lecture_ws/src/7_lectures/build/lecture02_pkg/build/lib/lecture02_pkg/opencv_sample.py -> /home/ros2/ros2_lecture_ws/src/7_lectures/install/lecture02_pkg/lib/python3.10/site-packages/lecture02_pkg
[3.874s] copying /home/ros2/ros2_lecture_ws/src/7_lectures/build/lecture02_pkg/build/lib/lecture02_pkg/opencv_exercise.py -> /home/ros2/ros2_lecture_ws/src/7_lectures/install/lecture02_pkg/lib/python3.10/site-packages/lecture02_pkg
[3.874s] copying /home/ros2/ros2_lecture_ws/src/7_lectures/build/lecture02_pkg/build/lib/lecture02_pkg/__init__.py -> /home/ros2/ros2_lecture_ws/src/7_lectures/install/lecture02_pkg/lib/python3.10/site-packages/lecture02_pkg
[3.875s] copying /home/ros2/ros2_lecture_ws/src/7_lectures/build/lecture02_pkg/build/lib/lecture02_pkg/tf2_broadcaster.py -> /home/ros2/ros2_lecture_ws/src/7_lectures/install/lecture02_pkg/lib/python3.10/site-packages/lecture02_pkg
[3.875s] byte-compiling /home/ros2/ros2_lecture_ws/src/7_lectures/install/lecture02_pkg/lib/python3.10/site-packages/lecture02_pkg/tf2_listener.py to tf2_listener.cpython-310.pyc
[3.877s] byte-compiling /home/ros2/ros2_lecture_ws/src/7_lectures/install/lecture02_pkg/lib/python3.10/site-packages/lecture02_pkg/opencv_sample.py to opencv_sample.cpython-310.pyc
[3.877s] byte-compiling /home/ros2/ros2_lecture_ws/src/7_lectures/install/lecture02_pkg/lib/python3.10/site-packages/lecture02_pkg/opencv_exercise.py to opencv_exercise.cpython-310.pyc
[3.877s] byte-compiling /home/ros2/ros2_lecture_ws/src/7_lectures/install/lecture02_pkg/lib/python3.10/site-packages/lecture02_pkg/__init__.py to __init__.cpython-310.pyc
[3.877s] byte-compiling /home/ros2/ros2_lecture_ws/src/7_lectures/install/lecture02_pkg/lib/python3.10/site-packages/lecture02_pkg/tf2_broadcaster.py to tf2_broadcaster.cpython-310.pyc
[3.882s] running install_data
[3.882s] copying resource/lecture02_pkg -> /home/ros2/ros2_lecture_ws/src/7_lectures/install/lecture02_pkg/share/ament_index/resource_index/packages
[3.883s] copying package.xml -> /home/ros2/ros2_lecture_ws/src/7_lectures/install/lecture02_pkg/share/lecture02_pkg
[3.883s] running install_egg_info
[3.887s] removing '/home/ros2/ros2_lecture_ws/src/7_lectures/install/lecture02_pkg/lib/python3.10/site-packages/lecture02_pkg-0.0.0-py3.10.egg-info' (and everything under it)
[3.887s] Copying ../build/lecture02_pkg/lecture02_pkg.egg-info to /home/ros2/ros2_lecture_ws/src/7_lectures/install/lecture02_pkg/lib/python3.10/site-packages/lecture02_pkg-0.0.0-py3.10.egg-info
[3.888s] running install_scripts
[3.956s] Installing opencv_exercise script to /home/ros2/ros2_lecture_ws/src/7_lectures/install/lecture02_pkg/lib/lecture02_pkg
[3.956s] Installing opencv_sample script to /home/ros2/ros2_lecture_ws/src/7_lectures/install/lecture02_pkg/lib/lecture02_pkg
[3.961s] Installing tf2_broadcaster script to /home/ros2/ros2_lecture_ws/src/7_lectures/install/lecture02_pkg/lib/lecture02_pkg
[3.965s] Installing tf2_listener script to /home/ros2/ros2_lecture_ws/src/7_lectures/install/lecture02_pkg/lib/lecture02_pkg
[3.966s] writing list of installed files to '/home/ros2/ros2_lecture_ws/src/7_lectures/build/lecture02_pkg/install.log'
[4.539s] Invoked command in '/home/ros2/ros2_lecture_ws/src/7_lectures/lecture02_pkg' returned '0': PYTHONPATH=/home/ros2/ros2_lecture_ws/src/7_lectures/build/lecture02_pkg/prefix_override:/usr/lib/python3/dist-packages/colcon_core/task/python/colcon_distutils_commands:/home/ros2/ros2_lecture_ws/src/7_lectures/install/lecture02_pkg/lib/python3.10/site-packages:${PYTHONPATH} /usr/bin/python3 -W ignore:setup.py install is deprecated -W ignore:easy_install command is deprecated setup.py egg_info --egg-base ../build/lecture02_pkg build --build-base /home/ros2/ros2_lecture_ws/src/7_lectures/build/lecture02_pkg/build install --record /home/ros2/ros2_lecture_ws/src/7_lectures/build/lecture02_pkg/install.log --single-version-externally-managed install_data
